Using pre-set license
Built from '2020.2/release' branch; Version is '2020.2.4f1 (becced5a802b) revision 12504301'; Using compiler version '192528614'; Build Type 'Release'
OS: 'Windows 10 Home; OS build 19042.867; Version 2009; 64bit' Language: 'es' Physical Memory: 16276 MB
BatchMode: 1, IsHumanControllingUs: 0, StartBugReporterOnCrash: 0, Is64bit: 1, IsPro: 0

 COMMAND LINE ARGUMENTS:
C:\Program Files\Unity\Hub\Editor\2020.2.4f1\Editor\Unity.exe
-adb2
-batchMode
-noUpm
-name
AssetImportWorker0
-projectPath
C:/Users/batch_nps7xwz/Documents/GitHub/TFG/Clean projectm modify
-logFile
Logs/AssetImportWorker0.log
-srvPort
63459
Successfully changed project path to: C:/Users/batch_nps7xwz/Documents/GitHub/TFG/Clean projectm modify
C:/Users/batch_nps7xwz/Documents/GitHub/TFG/Clean projectm modify
Using Asset Import Pipeline V2.
Refreshing native plugins compatible for Editor in 84.67 ms, found 0 plugins.
Preloading 0 native plugins for Editor in 0.00 ms.
Initialize engine version: 2020.2.4f1 (becced5a802b)
[Subsystems] Discovering subsystems at path C:/Program Files/Unity/Hub/Editor/2020.2.4f1/Editor/Data/Resources/UnitySubsystems
[Subsystems] Discovering subsystems at path C:/Users/batch_nps7xwz/Documents/GitHub/TFG/Clean projectm modify/Assets
GfxDevice: creating device client; threaded=0
Direct3D:
    Version:  Direct3D 11.0 [level 11.1]
    Renderer: AMD Radeon (TM) R9 380 Series (ID=0x6939)
    Vendor:   
    VRAM:     4071 MB
    Driver:   27.20.12033.1007
Initialize mono
Mono path[0] = 'C:/Program Files/Unity/Hub/Editor/2020.2.4f1/Editor/Data/Managed'
Mono path[1] = 'C:/Program Files/Unity/Hub/Editor/2020.2.4f1/Editor/Data/MonoBleedingEdge/lib/mono/unityjit'
Mono config path = 'C:/Program Files/Unity/Hub/Editor/2020.2.4f1/Editor/Data/MonoBleedingEdge/etc'
Using monoOptions --debugger-agent=transport=dt_socket,embedding=1,server=y,suspend=n,address=127.0.0.1:56588
Begin MonoManager ReloadAssembly
Registering precompiled unity dll's ...
Register platform support module: C:/Program Files/Unity/Hub/Editor/2020.2.4f1/Editor/Data/PlaybackEngines/WindowsStandaloneSupport/UnityEditor.WindowsStandalone.Extensions.dll
Registered in 0.005739 seconds.
Native extension for WindowsStandalone target not found
Refreshing native plugins compatible for Editor in 85.81 ms, found 0 plugins.
Preloading 0 native plugins for Editor in 0.00 ms.
Invoked RoslynAnalysisRunner static constructor.
RoslynAnalysisRunner will not be running.
RoslynAnalysisRunner has terminated.
Mono: successfully reloaded assembly
- Completed reload, in  2.560 seconds
Platform modules already initialized, skipping
Registering precompiled user dll's ...
Registered in 0.008197 seconds.
Begin MonoManager ReloadAssembly
Native extension for WindowsStandalone target not found
Refreshing native plugins compatible for Editor in 0.97 ms, found 0 plugins.
Preloading 0 native plugins for Editor in 0.00 ms.
Invoked RoslynAnalysisRunner static constructor.
RoslynAnalysisRunner will not be running.
RoslynAnalysisRunner has terminated.
Mono: successfully reloaded assembly
- Completed reload, in  2.047 seconds
Platform modules already initialized, skipping
========================================================================
Worker process is ready to serve import requests
Launched and connected shader compiler UnityShaderCompiler.exe after 0.13 seconds
Refreshing native plugins compatible for Editor in 0.61 ms, found 0 plugins.
Preloading 0 native plugins for Editor in 0.00 ms.
Unloading 1446 Unused Serialized files (Serialized files now loaded: 0)
System memory in use before: 139.8 MB.
System memory in use after: 139.9 MB.

Unloading 32 unused Assets to reduce memory usage. Loaded Objects now: 1885.
Total: 3.377500 ms (FindLiveObjects: 0.285800 ms CreateObjectMapping: 0.074700 ms MarkObjects: 2.965500 ms  DeleteObjects: 0.049100 ms)

========================================================================
Received Import Request.
  path: Assets/scripts/Prosocial/Scripts/CambioCiruclos.cs
  artifactKey: Guid(1add13865b27f024386ff3ba7970ec3e) Importer(815301076,1909f56bfc062723c751e8b465ee728b)
Start importing Assets/scripts/Prosocial/Scripts/CambioCiruclos.cs using Guid(1add13865b27f024386ff3ba7970ec3e) Importer(815301076,1909f56bfc062723c751e8b465ee728b)  -> (artifact id: '2430bdb028b74cda8e7826ecc4b4eea7') in 0.121895 seconds
  Import took 0.127053 seconds .

========================================================================
Received Import Request.
  Time since last request: 53.654654 seconds.
  path: Assets/scripts/Prosocial/Scripts/zone
  artifactKey: Guid(8ae213bd6bb6ce6409304b0054f1191d) Importer(815301076,1909f56bfc062723c751e8b465ee728b)
Start importing Assets/scripts/Prosocial/Scripts/zone using Guid(8ae213bd6bb6ce6409304b0054f1191d) Importer(815301076,1909f56bfc062723c751e8b465ee728b)  -> (artifact id: 'cd7364aced262a32fc93c3cba815164b') in 0.007441 seconds
  Import took 0.010882 seconds .

========================================================================
Received Import Request.
  Time since last request: 2.012441 seconds.
  path: Assets/scripts/Prosocial/Scripts/zone/miniRiverZone.cs
  artifactKey: Guid(9786ace2d6b80b9499b2b4f3313d30f8) Importer(815301076,1909f56bfc062723c751e8b465ee728b)
Start importing Assets/scripts/Prosocial/Scripts/zone/miniRiverZone.cs using Guid(9786ace2d6b80b9499b2b4f3313d30f8) Importer(815301076,1909f56bfc062723c751e8b465ee728b)  -> (artifact id: 'aa84cce9c25d1894cce56acff886dcf4') in 0.010689 seconds
  Import took 0.015570 seconds .

========================================================================
Received Prepare
Registering precompiled user dll's ...
Registered in 0.007409 seconds.
Begin MonoManager ReloadAssembly
Native extension for WindowsStandalone target not found
Refreshing native plugins compatible for Editor in 0.61 ms, found 0 plugins.
Preloading 0 native plugins for Editor in 0.00 ms.
Invoked RoslynAnalysisRunner static constructor.
RoslynAnalysisRunner will not be running.
RoslynAnalysisRunner has terminated.
Mono: successfully reloaded assembly
- Completed reload, in  1.511 seconds
Platform modules already initialized, skipping
Refreshing native plugins compatible for Editor in 0.75 ms, found 0 plugins.
Preloading 0 native plugins for Editor in 0.00 ms.
Unloading 1440 Unused Serialized files (Serialized files now loaded: 0)
System memory in use before: 139.7 MB.
System memory in use after: 139.8 MB.

Unloading 24 unused Assets to reduce memory usage. Loaded Objects now: 1887.
Total: 3.472400 ms (FindLiveObjects: 0.335400 ms CreateObjectMapping: 0.120000 ms MarkObjects: 2.978600 ms  DeleteObjects: 0.036300 ms)

========================================================================
Received Import Request.
  Time since last request: 77.636399 seconds.
  path: Assets/scripts/Prosocial/Scripts/zone/miniRiverZone.cs
  artifactKey: Guid(9786ace2d6b80b9499b2b4f3313d30f8) Importer(815301076,1909f56bfc062723c751e8b465ee728b)
Start importing Assets/scripts/Prosocial/Scripts/zone/miniRiverZone.cs using Guid(9786ace2d6b80b9499b2b4f3313d30f8) Importer(815301076,1909f56bfc062723c751e8b465ee728b)  -> (artifact id: 'f75dcc38ae58cc515a0fcf500673350a') in 0.010550 seconds
  Import took 0.015144 seconds .

========================================================================
Received Import Request.
  Time since last request: 143.691985 seconds.
  path: Assets/scripts/Prosocial/prefabs/ZoneCatchParticles.prefab
  artifactKey: Guid(8e13519e67dc7424191ced10949a2cb5) Importer(815301076,1909f56bfc062723c751e8b465ee728b)
Start importing Assets/scripts/Prosocial/prefabs/ZoneCatchParticles.prefab using Guid(8e13519e67dc7424191ced10949a2cb5) Importer(815301076,1909f56bfc062723c751e8b465ee728b)  -> (artifact id: '88e2c3c3864af4f8c4c04f52e5d328f3') in 0.232712 seconds
  Import took 0.237822 seconds .

========================================================================
Received Import Request.
  Time since last request: 0.678797 seconds.
  path: Assets/scripts/Prosocial/prefabs/ZoneCatchParticles.prefab
  artifactKey: Guid(8e13519e67dc7424191ced10949a2cb5) Importer(815301076,1909f56bfc062723c751e8b465ee728b)
Start importing Assets/scripts/Prosocial/prefabs/ZoneCatchParticles.prefab using Guid(8e13519e67dc7424191ced10949a2cb5) Importer(815301076,1909f56bfc062723c751e8b465ee728b)  -> (artifact id: 'e9d81748079bb22be0bb5dcb81551f75') in 0.039311 seconds
  Import took 0.043923 seconds .

========================================================================
Received Import Request.
  Time since last request: 2.405840 seconds.
  path: Assets/scripts/Prosocial/prefabs/ZoneCatchParticles.prefab
  artifactKey: Guid(8e13519e67dc7424191ced10949a2cb5) Importer(815301076,1909f56bfc062723c751e8b465ee728b)
Start importing Assets/scripts/Prosocial/prefabs/ZoneCatchParticles.prefab using Guid(8e13519e67dc7424191ced10949a2cb5) Importer(815301076,1909f56bfc062723c751e8b465ee728b)  -> (artifact id: 'b4ac68365916cb9de1be80990902d5b6') in 0.037114 seconds
  Import took 0.041524 seconds .

========================================================================
Received Import Request.
  Time since last request: 4.444508 seconds.
  path: Assets/scripts/Prosocial/prefabs/ZoneCatchParticles.prefab
  artifactKey: Guid(8e13519e67dc7424191ced10949a2cb5) Importer(815301076,1909f56bfc062723c751e8b465ee728b)
Start importing Assets/scripts/Prosocial/prefabs/ZoneCatchParticles.prefab using Guid(8e13519e67dc7424191ced10949a2cb5) Importer(815301076,1909f56bfc062723c751e8b465ee728b)  -> (artifact id: '3c0ea92ab1da682633b238176d056d8f') in 11.877671 seconds
  Import took 19.114724 seconds .

========================================================================
Received Import Request.
  Time since last request: 0.742472 seconds.
  path: Assets/scripts/Prosocial/prefabs/ZoneCatchParticles.prefab
  artifactKey: Guid(8e13519e67dc7424191ced10949a2cb5) Importer(815301076,1909f56bfc062723c751e8b465ee728b)
Start importing Assets/scripts/Prosocial/prefabs/ZoneCatchParticles.prefab using Guid(8e13519e67dc7424191ced10949a2cb5) Importer(815301076,1909f56bfc062723c751e8b465ee728b)  -> (artifact id: '20902b91a945dd7d10a5ff762ebece64') in 0.096576 seconds
  Import took 0.108685 seconds .

========================================================================
Received Import Request.
  Time since last request: 35.404910 seconds.
  path: Assets/materials/Player1.mat
  artifactKey: Guid(5e0c982ff48259d4bb9f3ac0dae89560) Importer(815301076,1909f56bfc062723c751e8b465ee728b)
Start importing Assets/materials/Player1.mat using Guid(5e0c982ff48259d4bb9f3ac0dae89560) Importer(815301076,1909f56bfc062723c751e8b465ee728b)  -> (artifact id: 'b8386a82360490e8c3f064be0532a269') in 0.082926 seconds
  Import took 0.086431 seconds .

========================================================================
Received Import Request.
  Time since last request: 0.000434 seconds.
  path: Assets/materials/Player4.mat
  artifactKey: Guid(e402d765cae98854fb06fd7bfbea6e79) Importer(815301076,1909f56bfc062723c751e8b465ee728b)
Start importing Assets/materials/Player4.mat using Guid(e402d765cae98854fb06fd7bfbea6e79) Importer(815301076,1909f56bfc062723c751e8b465ee728b)  -> (artifact id: 'bfaa2884fb7ec77b47e9ee73298ea27c') in 0.024241 seconds
  Import took 0.028314 seconds .

========================================================================
Received Import Request.
  Time since last request: 0.000390 seconds.
  path: Assets/materials/Player2.mat
  artifactKey: Guid(f98db2a6cdff5104d9d49a1db805c633) Importer(815301076,1909f56bfc062723c751e8b465ee728b)
Start importing Assets/materials/Player2.mat using Guid(f98db2a6cdff5104d9d49a1db805c633) Importer(815301076,1909f56bfc062723c751e8b465ee728b)  -> (artifact id: 'a8564c3e36e83b9db42d407cc46ce8cb') in 0.021690 seconds
  Import took 0.068448 seconds .

========================================================================
Received Import Request.
  Time since last request: 0.000441 seconds.
  path: Assets/materials/Player3.mat
  artifactKey: Guid(c2f9c3d3dcc7e6648a24a1445f06915e) Importer(815301076,1909f56bfc062723c751e8b465ee728b)
Start importing Assets/materials/Player3.mat using Guid(c2f9c3d3dcc7e6648a24a1445f06915e) Importer(815301076,1909f56bfc062723c751e8b465ee728b)  -> (artifact id: '8228a0c2530a304a17faffb7beccc60b') in 0.028799 seconds
  Import took 0.033730 seconds .

========================================================================
Received Import Request.
  Time since last request: 11.033565 seconds.
  path: Assets/prefab/Blue Player Variant.prefab
  artifactKey: Guid(a2aaaa094093a294aade9f5a5ce62bbb) Importer(815301076,1909f56bfc062723c751e8b465ee728b)
Start importing Assets/prefab/Blue Player Variant.prefab using Guid(a2aaaa094093a294aade9f5a5ce62bbb) Importer(815301076,1909f56bfc062723c751e8b465ee728b)  -> (artifact id: 'b8140f6a3f1e195e4261458c76019ef5') in 0.028421 seconds
  Import took 0.032609 seconds .

========================================================================
Received Import Request.
  Time since last request: 0.000366 seconds.
  path: Assets/prefab/Player.prefab
  artifactKey: Guid(cd1cb5635f8dbe649adff6525a31cfd3) Importer(815301076,1909f56bfc062723c751e8b465ee728b)
Start importing Assets/prefab/Player.prefab using Guid(cd1cb5635f8dbe649adff6525a31cfd3) Importer(815301076,1909f56bfc062723c751e8b465ee728b)  -> (artifact id: '92f97d10323d69cc378bcdb67006f162') in 0.027247 seconds
  Import took 0.031349 seconds .

========================================================================
Received Import Request.
  Time since last request: 0.000412 seconds.
  path: Assets/prefab/Particle Pool.prefab
  artifactKey: Guid(7abcf86f094779f45b3636bba9f421d6) Importer(815301076,1909f56bfc062723c751e8b465ee728b)
Start importing Assets/prefab/Particle Pool.prefab using Guid(7abcf86f094779f45b3636bba9f421d6) Importer(815301076,1909f56bfc062723c751e8b465ee728b)  -> (artifact id: '365afa7d38bef0848b4d0c0f838d22a3') in 0.018121 seconds
  Import took 0.022150 seconds .

========================================================================
Received Prepare
Registering precompiled user dll's ...
Registered in 0.006014 seconds.
Begin MonoManager ReloadAssembly
Native extension for WindowsStandalone target not found
Refreshing native plugins compatible for Editor in 0.67 ms, found 0 plugins.
Preloading 0 native plugins for Editor in 0.00 ms.
Invoked RoslynAnalysisRunner static constructor.
RoslynAnalysisRunner will not be running.
RoslynAnalysisRunner has terminated.
Mono: successfully reloaded assembly
- Completed reload, in  1.603 seconds
Platform modules already initialized, skipping
Refreshing native plugins compatible for Editor in 0.66 ms, found 0 plugins.
Preloading 0 native plugins for Editor in 0.00 ms.
Unloading 1440 Unused Serialized files (Serialized files now loaded: 0)
System memory in use before: 143.2 MB.
System memory in use after: 143.3 MB.

Unloading 25 unused Assets to reduce memory usage. Loaded Objects now: 1931.
Total: 2.339900 ms (FindLiveObjects: 0.251800 ms CreateObjectMapping: 0.068000 ms MarkObjects: 1.984700 ms  DeleteObjects: 0.033700 ms)

AssetImportWorkerClient::OnTransportError - code=2 error=End of file
