Using pre-set license
Built from '2020.2/release' branch; Version is '2020.2.4f1 (becced5a802b) revision 12504301'; Using compiler version '192528614'; Build Type 'Release'
OS: 'Windows 10 Home; OS build 19042.985; Version 2009; 64bit' Language: 'es' Physical Memory: 16276 MB
BatchMode: 1, IsHumanControllingUs: 0, StartBugReporterOnCrash: 0, Is64bit: 1, IsPro: 0

 COMMAND LINE ARGUMENTS:
C:\Program Files\Unity\Hub\Editor\2020.2.4f1\Editor\Unity.exe
-adb2
-batchMode
-noUpm
-name
AssetImportWorker0
-projectPath
C:/Users/batch_nps7xwz/Documents/GitHub/TFG/Clean projectm modify - control
-logFile
Logs/AssetImportWorker0.log
-srvPort
62069
Successfully changed project path to: C:/Users/batch_nps7xwz/Documents/GitHub/TFG/Clean projectm modify - control
C:/Users/batch_nps7xwz/Documents/GitHub/TFG/Clean projectm modify - control
Using Asset Import Pipeline V2.
Refreshing native plugins compatible for Editor in 66.31 ms, found 0 plugins.
Preloading 0 native plugins for Editor in 0.00 ms.
Initialize engine version: 2020.2.4f1 (becced5a802b)
[Subsystems] Discovering subsystems at path C:/Program Files/Unity/Hub/Editor/2020.2.4f1/Editor/Data/Resources/UnitySubsystems
[Subsystems] Discovering subsystems at path C:/Users/batch_nps7xwz/Documents/GitHub/TFG/Clean projectm modify - control/Assets
GfxDevice: creating device client; threaded=0
Direct3D:
    Version:  Direct3D 11.0 [level 11.1]
    Renderer: AMD Radeon (TM) R9 380 Series (ID=0x6939)
    Vendor:   
    VRAM:     4070 MB
    Driver:   27.20.21003.8013
Initialize mono
Mono path[0] = 'C:/Program Files/Unity/Hub/Editor/2020.2.4f1/Editor/Data/Managed'
Mono path[1] = 'C:/Program Files/Unity/Hub/Editor/2020.2.4f1/Editor/Data/MonoBleedingEdge/lib/mono/unityjit'
Mono config path = 'C:/Program Files/Unity/Hub/Editor/2020.2.4f1/Editor/Data/MonoBleedingEdge/etc'
Using monoOptions --debugger-agent=transport=dt_socket,embedding=1,server=y,suspend=n,address=127.0.0.1:56848
Begin MonoManager ReloadAssembly
Registering precompiled unity dll's ...
Register platform support module: C:/Program Files/Unity/Hub/Editor/2020.2.4f1/Editor/Data/PlaybackEngines/WindowsStandaloneSupport/UnityEditor.WindowsStandalone.Extensions.dll
Registered in 0.004929 seconds.
Native extension for WindowsStandalone target not found
Refreshing native plugins compatible for Editor in 53.75 ms, found 0 plugins.
Preloading 0 native plugins for Editor in 0.00 ms.
Invoked RoslynAnalysisRunner static constructor.
RoslynAnalysisRunner will not be running.
RoslynAnalysisRunner has terminated.
Mono: successfully reloaded assembly
- Completed reload, in  1.914 seconds
Platform modules already initialized, skipping
Registering precompiled user dll's ...
Registered in 0.005241 seconds.
Begin MonoManager ReloadAssembly
Native extension for WindowsStandalone target not found
Refreshing native plugins compatible for Editor in 0.61 ms, found 0 plugins.
Preloading 0 native plugins for Editor in 0.00 ms.
Invoked RoslynAnalysisRunner static constructor.
RoslynAnalysisRunner will not be running.
RoslynAnalysisRunner has terminated.
Mono: successfully reloaded assembly
- Completed reload, in  1.397 seconds
Platform modules already initialized, skipping
========================================================================
Worker process is ready to serve import requests
Launched and connected shader compiler UnityShaderCompiler.exe after 0.08 seconds
Refreshing native plugins compatible for Editor in 0.64 ms, found 0 plugins.
Preloading 0 native plugins for Editor in 0.00 ms.
Unloading 1417 Unused Serialized files (Serialized files now loaded: 0)
System memory in use before: 138.5 MB.
System memory in use after: 138.6 MB.

Unloading 32 unused Assets to reduce memory usage. Loaded Objects now: 1856.
Total: 2.183300 ms (FindLiveObjects: 0.158700 ms CreateObjectMapping: 0.073600 ms MarkObjects: 1.921500 ms  DeleteObjects: 0.028300 ms)

========================================================================
Received Import Request.
  path: Assets/scripts/utilities/Logger.cs
  artifactKey: Guid(c3a6e664a5309db4c888d50c28476776) Importer(815301076,1909f56bfc062723c751e8b465ee728b)
Start importing Assets/scripts/utilities/Logger.cs using Guid(c3a6e664a5309db4c888d50c28476776) Importer(815301076,1909f56bfc062723c751e8b465ee728b)  -> (artifact id: 'd6a9f5b9279456aa62cd42174c9e24e7') in 0.207371 seconds
  Import took 0.219277 seconds .

========================================================================
Received Prepare
Registering precompiled user dll's ...
Registered in 0.004967 seconds.
Begin MonoManager ReloadAssembly
Native extension for WindowsStandalone target not found
Refreshing native plugins compatible for Editor in 0.58 ms, found 0 plugins.
Preloading 0 native plugins for Editor in 0.00 ms.
Invoked RoslynAnalysisRunner static constructor.
RoslynAnalysisRunner will not be running.
RoslynAnalysisRunner has terminated.
Mono: successfully reloaded assembly
- Completed reload, in  1.449 seconds
Platform modules already initialized, skipping
Refreshing native plugins compatible for Editor in 0.55 ms, found 0 plugins.
Preloading 0 native plugins for Editor in 0.00 ms.
Unloading 1411 Unused Serialized files (Serialized files now loaded: 0)
System memory in use before: 138.4 MB.
System memory in use after: 138.5 MB.

Unloading 24 unused Assets to reduce memory usage. Loaded Objects now: 1858.
Total: 2.101700 ms (FindLiveObjects: 0.172000 ms CreateObjectMapping: 0.055100 ms MarkObjects: 1.848300 ms  DeleteObjects: 0.023300 ms)

========================================================================
Received Import Request.
  Time since last request: 177.397471 seconds.
  path: Assets/scripts/utilities/Logger.cs
  artifactKey: Guid(c3a6e664a5309db4c888d50c28476776) Importer(815301076,1909f56bfc062723c751e8b465ee728b)
Start importing Assets/scripts/utilities/Logger.cs using Guid(c3a6e664a5309db4c888d50c28476776) Importer(815301076,1909f56bfc062723c751e8b465ee728b)  -> (artifact id: 'e594f00c163f59d064f11adcdee617b9') in 0.007556 seconds
  Import took 0.010405 seconds .

========================================================================
Received Import Request.
  Time since last request: 18.907966 seconds.
  path: Assets/scripts/Prosocial/Scripts/mandala/Triangle.cs
  artifactKey: Guid(3f32227a57ff5bc479fc126b3f8244c9) Importer(815301076,1909f56bfc062723c751e8b465ee728b)
Start importing Assets/scripts/Prosocial/Scripts/mandala/Triangle.cs using Guid(3f32227a57ff5bc479fc126b3f8244c9) Importer(815301076,1909f56bfc062723c751e8b465ee728b)  -> (artifact id: '65638d3d4f32e5cb064e11cf08f9a604') in 0.006785 seconds
  Import took 0.010390 seconds .

========================================================================
Received Import Request.
  Time since last request: 0.000530 seconds.
  path: Assets/scripts/Prosocial/Scripts/mandala/Triangle.cs
  artifactKey: Guid(3f32227a57ff5bc479fc126b3f8244c9) Importer(815301076,1909f56bfc062723c751e8b465ee728b)
Start importing Assets/scripts/Prosocial/Scripts/mandala/Triangle.cs using Guid(3f32227a57ff5bc479fc126b3f8244c9) Importer(815301076,1909f56bfc062723c751e8b465ee728b)  -> (artifact id: '65638d3d4f32e5cb064e11cf08f9a604') in 0.005719 seconds
  Import took 0.009089 seconds .

========================================================================
Received Prepare
Registering precompiled user dll's ...
Registered in 0.006095 seconds.
Begin MonoManager ReloadAssembly
Native extension for WindowsStandalone target not found
Refreshing native plugins compatible for Editor in 0.78 ms, found 0 plugins.
Preloading 0 native plugins for Editor in 0.00 ms.
Invoked RoslynAnalysisRunner static constructor.
RoslynAnalysisRunner will not be running.
RoslynAnalysisRunner has terminated.
Mono: successfully reloaded assembly
- Completed reload, in  1.642 seconds
Platform modules already initialized, skipping
Refreshing native plugins compatible for Editor in 0.56 ms, found 0 plugins.
Preloading 0 native plugins for Editor in 0.00 ms.
Unloading 1411 Unused Serialized files (Serialized files now loaded: 0)
System memory in use before: 138.4 MB.
System memory in use after: 138.5 MB.

Unloading 24 unused Assets to reduce memory usage. Loaded Objects now: 1860.
Total: 3.639200 ms (FindLiveObjects: 1.056900 ms CreateObjectMapping: 0.126900 ms MarkObjects: 2.426500 ms  DeleteObjects: 0.025800 ms)

========================================================================
Received Prepare
Registering precompiled user dll's ...
Registered in 0.005217 seconds.
Begin MonoManager ReloadAssembly
Native extension for WindowsStandalone target not found
Refreshing native plugins compatible for Editor in 0.66 ms, found 0 plugins.
Preloading 0 native plugins for Editor in 0.00 ms.
Invoked RoslynAnalysisRunner static constructor.
RoslynAnalysisRunner will not be running.
RoslynAnalysisRunner has terminated.
Mono: successfully reloaded assembly
- Completed reload, in  1.666 seconds
Platform modules already initialized, skipping
Refreshing native plugins compatible for Editor in 1.27 ms, found 0 plugins.
Preloading 0 native plugins for Editor in 0.00 ms.
Unloading 1411 Unused Serialized files (Serialized files now loaded: 0)
System memory in use before: 138.4 MB.
System memory in use after: 138.5 MB.

Unloading 24 unused Assets to reduce memory usage. Loaded Objects now: 1862.
Total: 4.597600 ms (FindLiveObjects: 0.544600 ms CreateObjectMapping: 0.274300 ms MarkObjects: 3.736000 ms  DeleteObjects: 0.038900 ms)

========================================================================
Received Prepare
Registering precompiled user dll's ...
Registered in 0.006914 seconds.
Begin MonoManager ReloadAssembly
Native extension for WindowsStandalone target not found
Refreshing native plugins compatible for Editor in 0.79 ms, found 0 plugins.
Preloading 0 native plugins for Editor in 0.00 ms.
Invoked RoslynAnalysisRunner static constructor.
RoslynAnalysisRunner will not be running.
RoslynAnalysisRunner has terminated.
Mono: successfully reloaded assembly
- Completed reload, in  1.502 seconds
Platform modules already initialized, skipping
Refreshing native plugins compatible for Editor in 0.56 ms, found 0 plugins.
Preloading 0 native plugins for Editor in 0.00 ms.
Unloading 1411 Unused Serialized files (Serialized files now loaded: 0)
System memory in use before: 138.4 MB.
System memory in use after: 138.5 MB.

Unloading 24 unused Assets to reduce memory usage. Loaded Objects now: 1864.
Total: 2.111300 ms (FindLiveObjects: 0.256900 ms CreateObjectMapping: 0.053300 ms MarkObjects: 1.769500 ms  DeleteObjects: 0.029500 ms)

AssetImportWorkerClient::OnTransportError - code=2 error=End of file
